#
# There is insufficient memory for the Java Runtime Environment to continue.
# Native memory allocation (mmap) failed to map 134217728 bytes for G1 virtual space
# Possible reasons:
#   The system is out of physical RAM or swap space
#   The process is running with CompressedOops enabled, and the Java Heap may be blocking the growth of the native heap
# Possible solutions:
#   Reduce memory load on the system
#   Increase physical memory or swap space
#   Check if swap backing store is full
#   Decrease Java heap size (-Xmx/-Xms)
#   Decrease number of Java threads
#   Decrease Java thread stack sizes (-Xss)
#   Set larger code cache with -XX:ReservedCodeCacheSize=
#   JVM is running with Unscaled Compressed Oops mode in which the Java heap is
#     placed in the first 4GB address space. The Java Heap base address is the
#     maximum limit for the native heap growth. Please use -XX:HeapBaseMinAddress
#     to set the Java Heap base and to place the Java Heap above 4GB virtual address.
# This output file may be truncated or incomplete.
#
#  Out of Memory Error (os_windows.cpp:3466), pid=6736, tid=13648
#
# JRE version:  (16.0+36) (build )
# Java VM: Java HotSpot(TM) 64-Bit Server VM (16+36-2231, mixed mode, sharing, tiered, compressed oops, g1 gc, windows-amd64)
# No core dump will be written. Minidumps are not enabled by default on client versions of Windows
#

---------------  S U M M A R Y ------------

Command Line: -Dfile.encoding=Cp1252 -XX:+ShowCodeDetailsInExceptionMessages AbstractClasses.student_use

Host: Intel(R) Core(TM) i5-7200U CPU @ 2.50GHz, 4 cores, 7G,  Windows 10 , 64 bit Build 19041 (10.0.19041.928)
Time: Fri May 21 23:17:06 2021 India Standard Time elapsed time: 0.030397 seconds (0d 0h 0m 0s)

---------------  T H R E A D  ---------------

Current thread (0x0000025debf7df70):  JavaThread "Unknown thread" [_thread_in_vm, id=13648, stack(0x00000071ab400000,0x00000071ab500000)]

Stack: [0x00000071ab400000,0x00000071ab500000]
Native frames: (J=compiled Java code, j=interpreted, Vv=VM code, C=native code)
V  [jvm.dll+0x6681da]
V  [jvm.dll+0x7c9d99]
V  [jvm.dll+0x7cb4d3]
V  [jvm.dll+0x7cbb33]
V  [jvm.dll+0x242ee5]
V  [jvm.dll+0x664f99]
V  [jvm.dll+0x659b85]
V  [jvm.dll+0x2fbfcb]
V  [jvm.dll+0x3031c6]
V  [jvm.dll+0x352a0e]
V  [jvm.dll+0x352c3f]
V  [jvm.dll+0x2d3038]
V  [jvm.dll+0x2d4274]
V  [jvm.dll+0x79c691]
V  [jvm.dll+0x3607b1]
V  [jvm.dll+0x77a370]
V  [jvm.dll+0x3e501f]
V  [jvm.dll+0x3e6af1]
C  [jli.dll+0x52fb]
C  [ucrtbase.dll+0x21bb2]
C  [KERNEL32.DLL+0x17034]
C  [ntdll.dll+0x52651]


---------------  P R O C E S S  ---------------

Threads class SMR info:
_java_thread_list=0x00007ffab37dcbb8, length=0, elements={
}

Java Threads: ( => current thread )

Other Threads:
  0x0000025debfb5d10 GCTaskThread "GC Thread#0" [stack: 0x00000071ab500000,0x00000071ab600000] [id=6280]
  0x0000025debfc81d0 ConcurrentGCThread "G1 Main Marker" [stack: 0x00000071ab600000,0x00000071ab700000] [id=412]
  0x0000025debfc8bd0 ConcurrentGCThread "G1 Conc#0" [stack: 0x00000071ab700000,0x00000071ab800000] [id=11696]

[error occurred during error reporting (printing all threads), id 0xc0000005, EXCEPTION_ACCESS_VIOLATION (0xc0000005) at pc=0x00007ffab2fb3ef7]

VM state: not at safepoint (not fully initialized)

VM Mutex/Monitor currently owned by a thread:  ([mutex/lock_event])
[0x0000025debf78b20] Heap_lock - owner thread: 0x0000025debf7df70

Heap address: 0x0000000081a00000, size: 2022 MB, Compressed Oops mode: 32-bit
CDS archive(s) mapped at: [0x0000000000000000-0x0000000000000000-0x0000000000000000), size 0, SharedBaseAddress: 0x0000000800000000, ArchiveRelocationMode: 0.
Narrow klass base: 0x0000000000000000, Narrow klass shift: 0, Narrow klass range: 0x0

GC Precious Log:
<Empty>

Heap:
 garbage-first heap   total 0K, used 0K [0x0000000081a00000, 0x0000000100000000)
  region size 1024K, 0 young (0K), 0 survivors (0K)

[error occurred during error reporting (printing heap information), id 0xc0000005, EXCEPTION_ACCESS_VIOLATION (0xc0000005) at pc=0x00007ffab3391edd]

GC Heap History (0 events):
No events

Deoptimization events (0 events):
No events

Classes unloaded (0 events):
No events

Classes redefined (0 events):
No events

Internal exceptions (0 events):
No events

Events (1 events):
Event: 0.009 Loaded shared library C:\Program Files\Java\jdk-16\bin\java.dll


Dynamic libraries:
0x00007ff7f7190000 - 0x00007ff7f71a0000 	C:\Program Files\Java\jdk-16\bin\javaw.exe
0x00007ffb03270000 - 0x00007ffb03465000 	C:\Windows\SYSTEM32\ntdll.dll
0x00007ffb03070000 - 0x00007ffb0312d000 	C:\Windows\System32\KERNEL32.DLL
0x00007ffb00f60000 - 0x00007ffb01228000 	C:\Windows\System32\KERNELBASE.dll
0x00007ffb00d80000 - 0x00007ffb00e80000 	C:\Windows\System32\ucrtbase.dll
0x00007ffaf6380000 - 0x00007ffaf6398000 	C:\Program Files\Java\jdk-16\bin\jli.dll
0x00007ffb025d0000 - 0x00007ffb0267c000 	C:\Windows\System32\ADVAPI32.dll
0x00007ffb01890000 - 0x00007ffb0192e000 	C:\Windows\System32\msvcrt.dll
0x00007ffb02d80000 - 0x00007ffb02e1b000 	C:\Windows\System32\sechost.dll
0x00007ffb01940000 - 0x00007ffb01a6b000 	C:\Windows\System32\RPCRT4.dll
0x00007ffaeb920000 - 0x00007ffaeb939000 	C:\Program Files\Java\jdk-16\bin\VCRUNTIME140.dll
0x00007ffb02ed0000 - 0x00007ffb03070000 	C:\Windows\System32\USER32.dll
0x00007ffb00f30000 - 0x00007ffb00f52000 	C:\Windows\System32\win32u.dll
0x00007ffb012d0000 - 0x00007ffb012fa000 	C:\Windows\System32\GDI32.dll
0x00007ffb00ac0000 - 0x00007ffb00bcb000 	C:\Windows\System32\gdi32full.dll
0x00007ffb01230000 - 0x00007ffb012cd000 	C:\Windows\System32\msvcp_win.dll
0x00007ffaec820000 - 0x00007ffaecaba000 	C:\Windows\WinSxS\amd64_microsoft.windows.common-controls_6595b64144ccf1df_6.0.19041.844_none_ca00b6081b84eb1d\COMCTL32.dll
0x00007ffaf4de0000 - 0x00007ffaf4dea000 	C:\Windows\SYSTEM32\VERSION.dll
0x00007ffb02680000 - 0x00007ffb026b0000 	C:\Windows\System32\IMM32.DLL
0x00007ffaf8870000 - 0x00007ffaf887c000 	C:\Program Files\Java\jdk-16\bin\vcruntime140_1.dll
0x00007ffaca800000 - 0x00007ffaca891000 	C:\Program Files\Java\jdk-16\bin\msvcp140.dll
0x00007ffab2cd0000 - 0x00007ffab387b000 	C:\Program Files\Java\jdk-16\bin\server\jvm.dll
0x00007ffb03220000 - 0x00007ffb03228000 	C:\Windows\System32\PSAPI.DLL
0x00007ffaecdf0000 - 0x00007ffaecdf9000 	C:\Windows\SYSTEM32\WSOCK32.dll
0x00007ffaee200000 - 0x00007ffaee227000 	C:\Windows\SYSTEM32\WINMM.dll
0x00007ffb01820000 - 0x00007ffb0188b000 	C:\Windows\System32\WS2_32.dll
0x00007ffaff2b0000 - 0x00007ffaff2c2000 	C:\Windows\SYSTEM32\kernel.appcore.dll
0x00007ffaebaa0000 - 0x00007ffaebaaa000 	C:\Program Files\Java\jdk-16\bin\jimage.dll
0x00007ffaff040000 - 0x00007ffaff224000 	C:\Windows\SYSTEM32\DBGHELP.DLL
0x00007ffae9370000 - 0x00007ffae939c000 	C:\Windows\SYSTEM32\dbgcore.DLL
0x00007ffb009b0000 - 0x00007ffb00a30000 	C:\Windows\System32\bcryptPrimitives.dll
0x00007ffaeb530000 - 0x00007ffaeb555000 	C:\Program Files\Java\jdk-16\bin\java.dll

dbghelp: loaded successfully - version: 4.0.5 - missing functions: none
symbol engine: initialized successfully - sym options: 0x614 - pdb path: .;C:\Program Files\Java\jdk-16\bin;C:\Windows\SYSTEM32;C:\Windows\WinSxS\amd64_microsoft.windows.common-controls_6595b64144ccf1df_6.0.19041.844_none_ca00b6081b84eb1d;C:\Program Files\Java\jdk-16\bin\server

VM Arguments:
jvm_args: -Dfile.encoding=Cp1252 -XX:+ShowCodeDetailsInExceptionMessages 
java_command: AbstractClasses.student_use
java_class_path (initial): C:\Users\akhil\eclipse-workspace\Object-oriented-programming-2\bin
Launcher Type: SUN_STANDARD

[Global flags]
     intx CICompilerCount                          = 3                                         {product} {ergonomic}
     uint ConcGCThreads                            = 1                                         {product} {ergonomic}
     uint G1ConcRefinementThreads                  = 4                                         {product} {ergonomic}
   size_t G1HeapRegionSize                         = 1048576                                   {product} {ergonomic}
    uintx GCDrainStackTargetSize                   = 64                                        {product} {ergonomic}
   size_t InitialHeapSize                          = 134217728                                 {product} {ergonomic}
   size_t MarkStackSize                            = 4194304                                   {product} {ergonomic}
   size_t MaxHeapSize                              = 2120220672                                {product} {ergonomic}
   size_t MinHeapDeltaBytes                        = 1048576                                   {product} {ergonomic}
   size_t MinHeapSize                              = 8388608                                   {product} {ergonomic}
    uintx NonNMethodCodeHeapSize                   = 5832780                                {pd product} {ergonomic}
    uintx NonProfiledCodeHeapSize                  = 122912730                              {pd product} {ergonomic}
    uintx ProfiledCodeHeapSize                     = 122912730                              {pd product} {ergonomic}
    uintx ReservedCodeCacheSize                    = 251658240                              {pd product} {ergonomic}
     bool SegmentedCodeCache                       = true                                      {product} {ergonomic}
     bool ShowCodeDetailsInExceptionMessages       = true                                   {manageable} {command line}
   size_t SoftMaxHeapSize                          = 2120220672                             {manageable} {ergonomic}
     bool UseCompressedClassPointers               = true                           {product lp64_product} {ergonomic}
     bool UseCompressedOops                        = true                           {product lp64_product} {ergonomic}
     bool UseG1GC                                  = true                                      {product} {ergonomic}
     bool UseLargePagesIndividualAllocation        = false                                  {pd product} {ergonomic}

Logging:
Log output configuration:
 #0: stdout all=warning uptime,level,tags
 #1: stderr all=off uptime,level,tags

Environment Variables:
PATH=C:\Program Files\Common Files\Oracle\Java\javapath;C:\Program Files\Java\jdk-12.0.1;C:\Program Files\AdoptOpenJDK\jdk-11.0.10.9-hotspot;C:\Users\akhil\AppData\Local\Programs\Python\Python39\Scripts\;C:\Users\akhil\AppData\Local\Programs\Python\Python39\;C:\Windows\system32;C:\Windows;C:\Windows\System32\Wbem;C:\Windows\System32\WindowsPowerShell\v1.0\;C:\Windows\System32\OpenSSH\;C:\Program Files (x86)\NVIDIA Corporation\PhysX\Common;C:\Program Files\Git\cmd;C:\ProgramData\chocolatey\bin;C:\Terraform;C:\Program Files\Amazon\AWSCLIV2\;C:\Program Files\mingw-w64\x86_64-8.1.0-posix-seh-rt_v6-rev0\mingw64\bin;C:\Program Files\Java\jdk-16;C:\Program Files (x86)\mingw-w64\i686-8.1.0-posix-dwarf-rt_v6-rev0;C:\Users\akhil\AppData\Local\Programs\Microsoft VS Code\bin
USERNAME=akhil
OS=Windows_NT
PROCESSOR_IDENTIFIER=Intel64 Family 6 Model 142 Stepping 9, GenuineIntel



---------------  S Y S T E M  ---------------

OS:
 Windows 10 , 64 bit Build 19041 (10.0.19041.928)
OS uptime: 3 days 5:31 hours

CPU: total 4 (initial active 4) (2 cores per cpu, 2 threads per core) family 6 model 142 stepping 9 microcode 0xde, cx8, cmov, fxsr, ht, mmx, 3dnowpref, sse, sse2, sse3, ssse3, sse4.1, sse4.2, popcnt, lzcnt, tsc, tscinvbit, avx, avx2, aes, erms, clmul, bmi1, bmi2, adx, fma, vzeroupper, clflush, clflushopt

Memory: 4k page, system-wide physical 8083M (1975M free)
TotalPageFile size 8083M (AvailPageFile size 114M)
current process WorkingSet (physical memory assigned to process): 10M, peak: 10M
current process commit charge ("private bytes"): 51M, peak: 179M

vm_info: Java HotSpot(TM) 64-Bit Server VM (16+36-2231) for windows-amd64 JRE (16+36-2231), built on Feb  8 2021 11:43:10 by "mach5one" with MS VC++ 16.7 (VS2019)

END.
